# JRE version: Java(TM) SE Runtime Environment 18.9 (11.0.26+7) (build 11.0.26+7-LTS-187)
# Java VM: Java HotSpot(TM) 64-Bit Server VM 18.9 (11.0.26+7-LTS-187, mixed mode, tiered, compressed oops, g1 gc, windows-amd64)
Heap:
 garbage-first heap   total 262144K, used 32268K [0x0000000701600000, 0x0000000800000000)
  region size 1024K, 29 young (29696K), 17 survivors (17408K)
 Metaspace       used 32911K, capacity 33663K, committed 33792K, reserved 1079296K
  class space    used 3521K, capacity 3799K, committed 3840K, reserved 1048576K
GC Heap History (8 events):
Event: 0.736 GC heap before
{Heap before GC invocations=0 (full 0):
 garbage-first heap   total 262144K, used 24576K [0x0000000701600000, 0x0000000800000000)
  region size 1024K, 24 young (24576K), 0 survivors (0K)
 Metaspace       used 12773K, capacity 12956K, committed 13184K, reserved 1060864K
  class space    used 1307K, capacity 1408K, committed 1408K, reserved 1048576K
}
Event: 0.741 GC heap after
{Heap after GC invocations=1 (full 0):
 garbage-first heap   total 262144K, used 3691K [0x0000000701600000, 0x0000000800000000)
  region size 1024K, 3 young (3072K), 3 survivors (3072K)
 Metaspace       used 12773K, capacity 12956K, committed 13184K, reserved 1060864K
  class space    used 1307K, capacity 1408K, committed 1408K, reserved 1048576K
}
Event: 1.823 GC heap before
{Heap before GC invocations=1 (full 0):
 garbage-first heap   total 262144K, used 58987K [0x0000000701600000, 0x0000000800000000)
  region size 1024K, 58 young (59392K), 3 survivors (3072K)
 Metaspace       used 20814K, capacity 21155K, committed 21248K, reserved 1069056K
  class space    used 2328K, capacity 2496K, committed 2560K, reserved 1048576K
}
Event: 1.830 GC heap after
{Heap after GC invocations=2 (full 0):
 garbage-first heap   total 262144K, used 6956K [0x0000000701600000, 0x0000000800000000)
  region size 1024K, 7 young (7168K), 7 survivors (7168K)
 Metaspace       used 20814K, capacity 21155K, committed 21248K, reserved 1069056K
  class space    used 2328K, capacity 2496K, committed 2560K, reserved 1048576K
}
Event: 2.750 GC heap before
{Heap before GC invocations=3 (full 0):
 garbage-first heap   total 262144K, used 71468K [0x0000000701600000, 0x0000000800000000)
  region size 1024K, 70 young (71680K), 7 survivors (7168K)
 Metaspace       used 23376K, capacity 23864K, committed 23936K, reserved 1071104K
  class space    used 2522K, capacity 2671K, committed 2688K, reserved 1048576K
}
Event: 2.760 GC heap after
{Heap after GC invocations=4 (full 0):
 garbage-first heap   total 262144K, used 11542K [0x0000000701600000, 0x0000000800000000)
  region size 1024K, 8 young (8192K), 8 survivors (8192K)
 Metaspace       used 23376K, capacity 23864K, committed 23936K, reserved 1071104K
  class space    used 2522K, capacity 2671K, committed 2688K, reserved 1048576K
}
Event: 6.445 GC heap before
{Heap before GC invocations=4 (full 0):
 garbage-first heap   total 262144K, used 160022K [0x0000000701600000, 0x0000000800000000)
  region size 1024K, 153 young (156672K), 8 survivors (8192K)
 Metaspace       used 32740K, capacity 33517K, committed 33792K, reserved 1079296K
  class space    used 3517K, capacity 3793K, committed 3840K, reserved 1048576K
}
Event: 6.456 GC heap after
{Heap after GC invocations=5 (full 0):
 garbage-first heap   total 262144K, used 21004K [0x0000000701600000, 0x0000000800000000)
  region size 1024K, 17 young (17408K), 17 survivors (17408K)
 Metaspace       used 32740K, capacity 33517K, committed 33792K, reserved 1079296K
  class space    used 3517K, capacity 3793K, committed 3840K, reserved 1048576K
}

