<?xml version="1.0" encoding="UTF-8"?>
<testsuite xmlns:xsi="http://www.w3.org/2001/XMLSchema-instance" xsi:noNamespaceSchemaLocation="https://maven.apache.org/surefire/maven-surefire-plugin/xsd/surefire-test-report.xsd" name="gson.internal.bind.ArrayTypeAdapterTest" time="0" tests="11" errors="0" skipped="0" failures="0">
  <properties>
[...]
</properties>
  <testcase name="read_WithNullValue_ReturnsNull" classname="gson.internal.bind.ArrayTypeAdapterTest" time="0"/>
  <testcase name="read_WithObjectArray_ReturnsCorrectArray" classname="gson.internal.bind.ArrayTypeAdapterTest" time="0"/>
  <testcase name="create_WithNonArrayType_ReturnsNull" classname="gson.internal.bind.ArrayTypeAdapterTest" time="0"/>
  <testcase name="read_WithEmptyArray_ReturnsEmptyArray" classname="gson.internal.bind.ArrayTypeAdapterTest" time="0"/>
  <testcase name="read_WithPrimitiveArray_ReturnsCorrectArray" classname="gson.internal.bind.ArrayTypeAdapterTest" time="0"/>
  <testcase name="create_WithGenericArrayType_ReturnsAdapter" classname="gson.internal.bind.ArrayTypeAdapterTest" time="0"/>
  <testcase name="write_WithPrimitiveArray_WritesCorrectJson" classname="gson.internal.bind.ArrayTypeAdapterTest" time="0"/>
  <testcase name="create_WithObjectArrayType_ReturnsAdapter" classname="gson.internal.bind.ArrayTypeAdapterTest" time="0"/>
  <testcase name="write_WithNullArray_WritesNull" classname="gson.internal.bind.ArrayTypeAdapterTest" time="0"/>
  <testcase name="write_WithEmptyArray_WritesEmptyArray" classname="gson.internal.bind.ArrayTypeAdapterTest" time="0"/>
  <testcase name="write_WithObjectArray_WritesCorrectJson" classname="gson.internal.bind.ArrayTypeAdapterTest" time="0"/>
</testsuite>